[INFO] Scanning for projects...
[INFO] 
[INFO] ------------------------< com.example:yangheng >------------------------
[INFO] Building yangheng 0.0.1-SNAPSHOT
[INFO] --------------------------------[ jar ]---------------------------------
[INFO] 
[INFO] --- maven-dependency-plugin:3.1.1:tree (default-cli) @ yangheng ---
[INFO] com.example:yangheng:jar:0.0.1-SNAPSHOT
[INFO] +- org.mybatis.generator:mybatis-generator-maven-plugin:jar:1.3.7:compile
[INFO] |  +- org.apache.maven:maven-plugin-api:jar:3.5.4:compile
[INFO] |  |  +- org.apache.maven:maven-model:jar:3.5.4:compile
[INFO] |  |  |  \- org.apache.commons:commons-lang3:jar:3.8.1:compile
[INFO] |  |  +- org.apache.maven:maven-artifact:jar:3.5.4:compile
[INFO] |  |  +- org.eclipse.sisu:org.eclipse.sisu.plexus:jar:0.3.3:compile
[INFO] |  |  |  +- javax.enterprise:cdi-api:jar:1.0:compile
[INFO] |  |  |  |  +- javax.annotation:jsr250-api:jar:1.0:compile
[INFO] |  |  |  |  \- javax.inject:javax.inject:jar:1:compile
[INFO] |  |  |  +- org.eclipse.sisu:org.eclipse.sisu.inject:jar:0.3.3:compile
[INFO] |  |  |  \- org.codehaus.plexus:plexus-component-annotations:jar:1.5.5:compile
[INFO] |  |  +- org.codehaus.plexus:plexus-utils:jar:3.1.0:compile
[INFO] |  |  \- org.codehaus.plexus:plexus-classworlds:jar:2.5.2:compile
[INFO] |  \- org.mybatis.generator:mybatis-generator-core:jar:1.3.7:compile
[INFO] +- org.springframework.boot:spring-boot-starter-data-redis:jar:2.1.6.RELEASE:compile
[INFO] |  +- org.springframework.boot:spring-boot-starter:jar:2.1.6.RELEASE:compile
[INFO] |  |  +- org.springframework.boot:spring-boot:jar:2.1.6.RELEASE:compile
[INFO] |  |  +- org.springframework.boot:spring-boot-autoconfigure:jar:2.1.6.RELEASE:compile
[INFO] |  |  +- org.springframework.boot:spring-boot-starter-logging:jar:2.1.6.RELEASE:compile
[INFO] |  |  |  +- ch.qos.logback:logback-classic:jar:1.2.3:compile
[INFO] |  |  |  |  \- ch.qos.logback:logback-core:jar:1.2.3:compile
[INFO] |  |  |  +- org.apache.logging.log4j:log4j-to-slf4j:jar:2.11.2:compile
[INFO] |  |  |  |  \- org.apache.logging.log4j:log4j-api:jar:2.11.2:compile
[INFO] |  |  |  \- org.slf4j:jul-to-slf4j:jar:1.7.26:compile
[INFO] |  |  +- javax.annotation:javax.annotation-api:jar:1.3.2:compile
[INFO] |  |  \- org.yaml:snakeyaml:jar:1.23:runtime
[INFO] |  +- org.springframework.data:spring-data-redis:jar:2.1.9.RELEASE:compile
[INFO] |  |  +- org.springframework.data:spring-data-keyvalue:jar:2.1.9.RELEASE:compile
[INFO] |  |  |  \- org.springframework.data:spring-data-commons:jar:2.1.9.RELEASE:compile
[INFO] |  |  +- org.springframework:spring-tx:jar:5.1.8.RELEASE:compile
[INFO] |  |  +- org.springframework:spring-oxm:jar:5.1.8.RELEASE:compile
[INFO] |  |  +- org.springframework:spring-aop:jar:5.1.8.RELEASE:compile
[INFO] |  |  +- org.springframework:spring-context-support:jar:5.1.8.RELEASE:compile
[INFO] |  |  \- org.slf4j:slf4j-api:jar:1.7.26:compile
[INFO] |  \- io.lettuce:lettuce-core:jar:5.1.7.RELEASE:compile
[INFO] |     +- io.netty:netty-common:jar:4.1.36.Final:compile
[INFO] |     +- io.netty:netty-handler:jar:4.1.36.Final:compile
[INFO] |     |  +- io.netty:netty-buffer:jar:4.1.36.Final:compile
[INFO] |     |  \- io.netty:netty-codec:jar:4.1.36.Final:compile
[INFO] |     +- io.netty:netty-transport:jar:4.1.36.Final:compile
[INFO] |     |  \- io.netty:netty-resolver:jar:4.1.36.Final:compile
[INFO] |     \- io.projectreactor:reactor-core:jar:3.2.10.RELEASE:compile
[INFO] |        \- org.reactivestreams:reactive-streams:jar:1.0.2:compile
[INFO] +- org.springframework.boot:spring-boot-starter-jdbc:jar:2.1.6.RELEASE:compile
[INFO] |  +- com.zaxxer:HikariCP:jar:3.2.0:compile
[INFO] |  \- org.springframework:spring-jdbc:jar:5.1.8.RELEASE:compile
[INFO] |     \- org.springframework:spring-beans:jar:5.1.8.RELEASE:compile
[INFO] +- org.springframework.boot:spring-boot-starter-web:jar:2.1.6.RELEASE:compile
[INFO] |  +- org.springframework.boot:spring-boot-starter-json:jar:2.1.6.RELEASE:compile
[INFO] |  |  +- com.fasterxml.jackson.core:jackson-databind:jar:2.9.9:compile
[INFO] |  |  |  +- com.fasterxml.jackson.core:jackson-annotations:jar:2.9.0:compile
[INFO] |  |  |  \- com.fasterxml.jackson.core:jackson-core:jar:2.9.9:compile
[INFO] |  |  +- com.fasterxml.jackson.datatype:jackson-datatype-jdk8:jar:2.9.9:compile
[INFO] |  |  +- com.fasterxml.jackson.datatype:jackson-datatype-jsr310:jar:2.9.9:compile
[INFO] |  |  \- com.fasterxml.jackson.module:jackson-module-parameter-names:jar:2.9.9:compile
[INFO] |  +- org.springframework.boot:spring-boot-starter-tomcat:jar:2.1.6.RELEASE:compile
[INFO] |  |  +- org.apache.tomcat.embed:tomcat-embed-core:jar:9.0.21:compile
[INFO] |  |  +- org.apache.tomcat.embed:tomcat-embed-el:jar:9.0.21:compile
[INFO] |  |  \- org.apache.tomcat.embed:tomcat-embed-websocket:jar:9.0.21:compile
[INFO] |  +- org.hibernate.validator:hibernate-validator:jar:6.0.17.Final:compile
[INFO] |  |  +- javax.validation:validation-api:jar:2.0.1.Final:compile
[INFO] |  |  +- org.jboss.logging:jboss-logging:jar:3.3.2.Final:compile
[INFO] |  |  \- com.fasterxml:classmate:jar:1.4.0:compile
[INFO] |  +- org.springframework:spring-web:jar:5.1.8.RELEASE:compile
[INFO] |  \- org.springframework:spring-webmvc:jar:5.1.8.RELEASE:compile
[INFO] |     +- org.springframework:spring-context:jar:5.1.8.RELEASE:compile
[INFO] |     \- org.springframework:spring-expression:jar:5.1.8.RELEASE:compile
[INFO] +- org.mybatis.spring.boot:mybatis-spring-boot-starter:jar:2.1.0:compile
[INFO] |  +- org.mybatis.spring.boot:mybatis-spring-boot-autoconfigure:jar:2.1.0:compile
[INFO] |  +- org.mybatis:mybatis:jar:3.5.2:compile
[INFO] |  \- org.mybatis:mybatis-spring:jar:2.0.2:compile
[INFO] +- mysql:mysql-connector-java:jar:8.0.16:runtime
[INFO] \- org.springframework.boot:spring-boot-starter-test:jar:2.1.6.RELEASE:test
[INFO]    +- org.springframework.boot:spring-boot-test:jar:2.1.6.RELEASE:test
[INFO]    +- org.springframework.boot:spring-boot-test-autoconfigure:jar:2.1.6.RELEASE:test
[INFO]    +- com.jayway.jsonpath:json-path:jar:2.4.0:test
[INFO]    |  \- net.minidev:json-smart:jar:2.3:test
[INFO]    |     \- net.minidev:accessors-smart:jar:1.2:test
[INFO]    |        \- org.ow2.asm:asm:jar:5.0.4:test
[INFO]    +- junit:junit:jar:4.12:test
[INFO]    +- org.assertj:assertj-core:jar:3.11.1:test
[INFO]    +- org.mockito:mockito-core:jar:2.23.4:test
[INFO]    |  +- net.bytebuddy:byte-buddy:jar:1.9.13:test
[INFO]    |  +- net.bytebuddy:byte-buddy-agent:jar:1.9.13:test
[INFO]    |  \- org.objenesis:objenesis:jar:2.6:test
[INFO]    +- org.hamcrest:hamcrest-core:jar:1.3:test
[INFO]    +- org.hamcrest:hamcrest-library:jar:1.3:test
[INFO]    +- org.skyscreamer:jsonassert:jar:1.5.0:test
[INFO]    |  \- com.vaadin.external.google:android-json:jar:0.0.20131108.vaadin1:test
[INFO]    +- org.springframework:spring-core:jar:5.1.8.RELEASE:compile
[INFO]    |  \- org.springframework:spring-jcl:jar:5.1.8.RELEASE:compile
[INFO]    +- org.springframework:spring-test:jar:5.1.8.RELEASE:test
[INFO]    \- org.xmlunit:xmlunit-core:jar:2.6.2:test
[INFO] ------------------------------------------------------------------------
[INFO] BUILD SUCCESS
[INFO] ------------------------------------------------------------------------
[INFO] Total time:  2.380 s
[INFO] Finished at: 2019-08-06T23:12:37+08:00
[INFO] ------------------------------------------------------------------------
